# JRE version: OpenJDK Runtime Environment Temurin-17.0.10+7 (17.0.10+7) (build 17.0.10+7)
# Java VM: OpenJDK 64-Bit Server VM Temurin-17.0.10+7 (17.0.10+7, mixed mode, tiered, compressed oops, compressed class ptrs, parallel gc, windows-amd64)
GC Precious Log:
 CPUs: 12 total, 12 available
 Memory: 7501M
 Large Page Support: Disabled
 NUMA Support: Disabled
 Compressed Oops: Enabled (32-bit)
 Alignments: Space 512K, Generation 512K, Heap 2M
 Heap Min Capacity: 100M
 Heap Initial Capacity: 100M
 Heap Max Capacity: 1G
 Pre-touch: Disabled
 Parallel Workers: 10
Heap:
 PSYoungGen      total 27648K, used 16564K [0x00000000eab00000, 0x00000000ecf00000, 0x0000000100000000)
  eden space 25088K, 57% used [0x00000000eab00000,0x00000000eb923568,0x00000000ec380000)
  from space 2560K, 81% used [0x00000000ecc80000,0x00000000ece89d48,0x00000000ecf00000)
  to   space 2560K, 0% used [0x00000000eca00000,0x00000000eca00000,0x00000000ecc80000)
 ParOldGen       total 699392K, used 297238K [0x00000000c0000000, 0x00000000eab00000, 0x00000000eab00000)
  object space 699392K, 42% used [0x00000000c0000000,0x00000000d2245b20,0x00000000eab00000)
 Metaspace       used 64653K, committed 66048K, reserved 1114112K
  class space    used 6917K, committed 7488K, reserved 1048576K
GC Heap History (20 events):
Event: 42.101 GC heap before
{Heap before GC invocations=520 (full 354):
 PSYoungGen      total 33280K, used 23039K [0x00000000eab00000, 0x00000000ed900000, 0x0000000100000000)
  eden space 23040K, 99% used [0x00000000eab00000,0x00000000ec17ff58,0x00000000ec180000)
  from space 10240K, 0% used [0x00000000ecf00000,0x00000000ecf00000,0x00000000ed900000)
  to   space 6656K, 0% used [0x00000000ec180000,0x00000000ec180000,0x00000000ec800000)
 ParOldGen       total 247296K, used 247138K [0x00000000c0000000, 0x00000000cf180000, 0x00000000eab00000)
  object space 247296K, 99% used [0x00000000c0000000,0x00000000cf158910,0x00000000cf180000)
 Metaspace       used 62688K, committed 64064K, reserved 1114112K
  class space    used 6690K, committed 7232K, reserved 1048576K
}
Event: 42.171 GC heap after
{Heap after GC invocations=520 (full 354):
 PSYoungGen      total 29696K, used 22923K [0x00000000eab00000, 0x00000000ed900000, 0x0000000100000000)
  eden space 23040K, 99% used [0x00000000eab00000,0x00000000ec162d40,0x00000000ec180000)
  from space 6656K, 0% used [0x00000000ec180000,0x00000000ec180000,0x00000000ec800000)
  to   space 10240K, 0% used [0x00000000ecf00000,0x00000000ecf00000,0x00000000ed900000)
 ParOldGen       total 247296K, used 247138K [0x00000000c0000000, 0x00000000cf180000, 0x00000000eab00000)
  object space 247296K, 99% used [0x00000000c0000000,0x00000000cf158910,0x00000000cf180000)
 Metaspace       used 62688K, committed 64064K, reserved 1114112K
  class space    used 6690K, committed 7232K, reserved 1048576K
}
Event: 42.172 GC heap before
{Heap before GC invocations=521 (full 355):
 PSYoungGen      total 29696K, used 23021K [0x00000000eab00000, 0x00000000ed900000, 0x0000000100000000)
  eden space 23040K, 99% used [0x00000000eab00000,0x00000000ec17b510,0x00000000ec180000)
  from space 6656K, 0% used [0x00000000ec180000,0x00000000ec180000,0x00000000ec800000)
  to   space 10240K, 0% used [0x00000000ecf00000,0x00000000ecf00000,0x00000000ed900000)
 ParOldGen       total 247296K, used 247138K [0x00000000c0000000, 0x00000000cf180000, 0x00000000eab00000)
  object space 247296K, 99% used [0x00000000c0000000,0x00000000cf158910,0x00000000cf180000)
 Metaspace       used 62688K, committed 64064K, reserved 1114112K
  class space    used 6690K, committed 7232K, reserved 1048576K
}
Event: 42.244 GC heap after
{Heap after GC invocations=521 (full 355):
 PSYoungGen      total 33280K, used 22906K [0x00000000eab00000, 0x00000000ed900000, 0x0000000100000000)
  eden space 23040K, 99% used [0x00000000eab00000,0x00000000ec15e970,0x00000000ec180000)
  from space 10240K, 0% used [0x00000000ecf00000,0x00000000ecf00000,0x00000000ed900000)
  to   space 6656K, 0% used [0x00000000ec180000,0x00000000ec180000,0x00000000ec800000)
 ParOldGen       total 247296K, used 247138K [0x00000000c0000000, 0x00000000cf180000, 0x00000000eab00000)
  object space 247296K, 99% used [0x00000000c0000000,0x00000000cf158910,0x00000000cf180000)
 Metaspace       used 62688K, committed 64064K, reserved 1114112K
  class space    used 6690K, committed 7232K, reserved 1048576K
}
Event: 42.245 GC heap before
{Heap before GC invocations=522 (full 356):
 PSYoungGen      total 33280K, used 22987K [0x00000000eab00000, 0x00000000ed900000, 0x0000000100000000)
  eden space 23040K, 99% used [0x00000000eab00000,0x00000000ec172e08,0x00000000ec180000)
  from space 10240K, 0% used [0x00000000ecf00000,0x00000000ecf00000,0x00000000ed900000)
  to   space 6656K, 0% used [0x00000000ec180000,0x00000000ec180000,0x00000000ec800000)
 ParOldGen       total 247296K, used 247138K [0x00000000c0000000, 0x00000000cf180000, 0x00000000eab00000)
  object space 247296K, 99% used [0x00000000c0000000,0x00000000cf158910,0x00000000cf180000)
 Metaspace       used 62688K, committed 64064K, reserved 1114112K
  class space    used 6690K, committed 7232K, reserved 1048576K
}
Event: 42.318 GC heap after
{Heap after GC invocations=522 (full 356):
 PSYoungGen      total 29696K, used 22978K [0x00000000eab00000, 0x00000000ed900000, 0x0000000100000000)
  eden space 23040K, 99% used [0x00000000eab00000,0x00000000ec170bc0,0x00000000ec180000)
  from space 6656K, 0% used [0x00000000ec180000,0x00000000ec180000,0x00000000ec800000)
  to   space 10240K, 0% used [0x00000000ecf00000,0x00000000ecf00000,0x00000000ed900000)
 ParOldGen       total 247296K, used 247138K [0x00000000c0000000, 0x00000000cf180000, 0x00000000eab00000)
  object space 247296K, 99% used [0x00000000c0000000,0x00000000cf158910,0x00000000cf180000)
 Metaspace       used 62688K, committed 64064K, reserved 1114112K
  class space    used 6690K, committed 7232K, reserved 1048576K
}
Event: 42.327 GC heap before
{Heap before GC invocations=523 (full 357):
 PSYoungGen      total 29696K, used 23039K [0x00000000eab00000, 0x00000000ed900000, 0x0000000100000000)
  eden space 23040K, 99% used [0x00000000eab00000,0x00000000ec17fff0,0x00000000ec180000)
  from space 6656K, 0% used [0x00000000ec180000,0x00000000ec180000,0x00000000ec800000)
  to   space 10240K, 0% used [0x00000000ecf00000,0x00000000ecf00000,0x00000000ed900000)
 ParOldGen       total 247808K, used 247366K [0x00000000c0000000, 0x00000000cf200000, 0x00000000eab00000)
  object space 247808K, 99% used [0x00000000c0000000,0x00000000cf1919c8,0x00000000cf200000)
 Metaspace       used 62688K, committed 64064K, reserved 1114112K
  class space    used 6690K, committed 7232K, reserved 1048576K
}
Event: 42.427 GC heap after
{Heap after GC invocations=523 (full 357):
 PSYoungGen      total 33280K, used 22912K [0x00000000eab00000, 0x00000000ed900000, 0x0000000100000000)
  eden space 23040K, 99% used [0x00000000eab00000,0x00000000ec160030,0x00000000ec180000)
  from space 10240K, 0% used [0x00000000ecf00000,0x00000000ecf00000,0x00000000ed900000)
  to   space 6656K, 0% used [0x00000000ec180000,0x00000000ec180000,0x00000000ec800000)
 ParOldGen       total 247808K, used 247331K [0x00000000c0000000, 0x00000000cf200000, 0x00000000eab00000)
  object space 247808K, 99% used [0x00000000c0000000,0x00000000cf188da0,0x00000000cf200000)
 Metaspace       used 62688K, committed 64064K, reserved 1114112K
  class space    used 6690K, committed 7232K, reserved 1048576K
}
Event: 42.428 GC heap before
{Heap before GC invocations=524 (full 358):
 PSYoungGen      total 33280K, used 23040K [0x00000000eab00000, 0x00000000ed900000, 0x0000000100000000)
  eden space 23040K, 100% used [0x00000000eab00000,0x00000000ec180000,0x00000000ec180000)
  from space 10240K, 0% used [0x00000000ecf00000,0x00000000ecf00000,0x00000000ed900000)
  to   space 6656K, 0% used [0x00000000ec180000,0x00000000ec180000,0x00000000ec800000)
 ParOldGen       total 247808K, used 247331K [0x00000000c0000000, 0x00000000cf200000, 0x00000000eab00000)
  object space 247808K, 99% used [0x00000000c0000000,0x00000000cf188da0,0x00000000cf200000)
 Metaspace       used 62688K, committed 64064K, reserved 1114112K
  class space    used 6690K, committed 7232K, reserved 1048576K
}
Event: 42.511 GC heap after
{Heap after GC invocations=524 (full 358):
 PSYoungGen      total 29696K, used 22481K [0x00000000eab00000, 0x00000000ed900000, 0x0000000100000000)
  eden space 23040K, 97% used [0x00000000eab00000,0x00000000ec0f44a8,0x00000000ec180000)
  from space 6656K, 0% used [0x00000000ec180000,0x00000000ec180000,0x00000000ec800000)
  to   space 10240K, 0% used [0x00000000ecf00000,0x00000000ecf00000,0x00000000ed900000)
 ParOldGen       total 699392K, used 247722K [0x00000000c0000000, 0x00000000eab00000, 0x00000000eab00000)
  object space 699392K, 35% used [0x00000000c0000000,0x00000000cf1ea8e8,0x00000000eab00000)
 Metaspace       used 62688K, committed 64064K, reserved 1114112K
  class space    used 6690K, committed 7232K, reserved 1048576K
}
Event: 42.512 GC heap before
{Heap before GC invocations=525 (full 358):
 PSYoungGen      total 29696K, used 22990K [0x00000000eab00000, 0x00000000ed900000, 0x0000000100000000)
  eden space 23040K, 99% used [0x00000000eab00000,0x00000000ec173b60,0x00000000ec180000)
  from space 6656K, 0% used [0x00000000ec180000,0x00000000ec180000,0x00000000ec800000)
  to   space 10240K, 0% used [0x00000000ecf00000,0x00000000ecf00000,0x00000000ed900000)
 ParOldGen       total 699392K, used 247722K [0x00000000c0000000, 0x00000000eab00000, 0x00000000eab00000)
  object space 699392K, 35% used [0x00000000c0000000,0x00000000cf1ea8e8,0x00000000eab00000)
 Metaspace       used 62688K, committed 64064K, reserved 1114112K
  class space    used 6690K, committed 7232K, reserved 1048576K
}
Event: 42.529 GC heap after
{Heap after GC invocations=525 (full 358):
 PSYoungGen      total 33280K, used 10231K [0x00000000eab00000, 0x00000000ed900000, 0x0000000100000000)
  eden space 23040K, 0% used [0x00000000eab00000,0x00000000eab00000,0x00000000ec180000)
  from space 10240K, 99% used [0x00000000ecf00000,0x00000000ed8fdf38,0x00000000ed900000)
  to   space 6656K, 0% used [0x00000000ec180000,0x00000000ec180000,0x00000000ec800000)
 ParOldGen       total 699392K, used 260722K [0x00000000c0000000, 0x00000000eab00000, 0x00000000eab00000)
  object space 699392K, 37% used [0x00000000c0000000,0x00000000cfe9caf8,0x00000000eab00000)
 Metaspace       used 62688K, committed 64064K, reserved 1114112K
  class space    used 6690K, committed 7232K, reserved 1048576K
}
Event: 42.567 GC heap before
{Heap before GC invocations=526 (full 358):
 PSYoungGen      total 33280K, used 33256K [0x00000000eab00000, 0x00000000ed900000, 0x0000000100000000)
  eden space 23040K, 99% used [0x00000000eab00000,0x00000000ec17c2a8,0x00000000ec180000)
  from space 10240K, 99% used [0x00000000ecf00000,0x00000000ed8fdf38,0x00000000ed900000)
  to   space 6656K, 0% used [0x00000000ec180000,0x00000000ec180000,0x00000000ec800000)
 ParOldGen       total 699392K, used 260722K [0x00000000c0000000, 0x00000000eab00000, 0x00000000eab00000)
  object space 699392K, 37% used [0x00000000c0000000,0x00000000cfe9caf8,0x00000000eab00000)
 Metaspace       used 62699K, committed 64064K, reserved 1114112K
  class space    used 6690K, committed 7232K, reserved 1048576K
}
Event: 42.573 GC heap after
{Heap after GC invocations=526 (full 358):
 PSYoungGen      total 29696K, used 6631K [0x00000000eab00000, 0x00000000ed900000, 0x0000000100000000)
  eden space 23040K, 0% used [0x00000000eab00000,0x00000000eab00000,0x00000000ec180000)
  from space 6656K, 99% used [0x00000000ec180000,0x00000000ec7f9e58,0x00000000ec800000)
  to   space 10240K, 0% used [0x00000000ecf00000,0x00000000ecf00000,0x00000000ed900000)
 ParOldGen       total 699392K, used 271740K [0x00000000c0000000, 0x00000000eab00000, 0x00000000eab00000)
  object space 699392K, 38% used [0x00000000c0000000,0x00000000d095f370,0x00000000eab00000)
 Metaspace       used 62699K, committed 64064K, reserved 1114112K
  class space    used 6690K, committed 7232K, reserved 1048576K
}
Event: 43.158 GC heap before
{Heap before GC invocations=527 (full 358):
 PSYoungGen      total 29696K, used 29671K [0x00000000eab00000, 0x00000000ed900000, 0x0000000100000000)
  eden space 23040K, 100% used [0x00000000eab00000,0x00000000ec180000,0x00000000ec180000)
  from space 6656K, 99% used [0x00000000ec180000,0x00000000ec7f9e58,0x00000000ec800000)
  to   space 10240K, 0% used [0x00000000ecf00000,0x00000000ecf00000,0x00000000ed900000)
 ParOldGen       total 699392K, used 271740K [0x00000000c0000000, 0x00000000eab00000, 0x00000000eab00000)
  object space 699392K, 38% used [0x00000000c0000000,0x00000000d095f370,0x00000000eab00000)
 Metaspace       used 64109K, committed 65472K, reserved 1114112K
  class space    used 6859K, committed 7424K, reserved 1048576K
}
Event: 43.163 GC heap after
{Heap after GC invocations=527 (full 358):
 PSYoungGen      total 25600K, used 1117K [0x00000000eab00000, 0x00000000ed100000, 0x0000000100000000)
  eden space 23552K, 0% used [0x00000000eab00000,0x00000000eab00000,0x00000000ec200000)
  from space 2048K, 54% used [0x00000000ecf00000,0x00000000ed017448,0x00000000ed100000)
  to   space 7680K, 0% used [0x00000000ec200000,0x00000000ec200000,0x00000000ec980000)
 ParOldGen       total 699392K, used 278030K [0x00000000c0000000, 0x00000000eab00000, 0x00000000eab00000)
  object space 699392K, 39% used [0x00000000c0000000,0x00000000d0f83b00,0x00000000eab00000)
 Metaspace       used 64109K, committed 65472K, reserved 1114112K
  class space    used 6859K, committed 7424K, reserved 1048576K
}
Event: 43.332 GC heap before
{Heap before GC invocations=528 (full 358):
 PSYoungGen      total 25600K, used 24495K [0x00000000eab00000, 0x00000000ed100000, 0x0000000100000000)
  eden space 23552K, 99% used [0x00000000eab00000,0x00000000ec1d4b28,0x00000000ec200000)
  from space 2048K, 54% used [0x00000000ecf00000,0x00000000ed017448,0x00000000ed100000)
  to   space 7680K, 0% used [0x00000000ec200000,0x00000000ec200000,0x00000000ec980000)
 ParOldGen       total 699392K, used 278030K [0x00000000c0000000, 0x00000000eab00000, 0x00000000eab00000)
  object space 699392K, 39% used [0x00000000c0000000,0x00000000d0f83b00,0x00000000eab00000)
 Metaspace       used 64610K, committed 65984K, reserved 1114112K
  class space    used 6914K, committed 7488K, reserved 1048576K
}
Event: 43.335 GC heap after
{Heap after GC invocations=528 (full 358):
 PSYoungGen      total 31232K, used 1954K [0x00000000eab00000, 0x00000000ecf80000, 0x0000000100000000)
  eden space 23552K, 0% used [0x00000000eab00000,0x00000000eab00000,0x00000000ec200000)
  from space 7680K, 25% used [0x00000000ec200000,0x00000000ec3e8ae8,0x00000000ec980000)
  to   space 3072K, 0% used [0x00000000ecc80000,0x00000000ecc80000,0x00000000ecf80000)
 ParOldGen       total 699392K, used 278038K [0x00000000c0000000, 0x00000000eab00000, 0x00000000eab00000)
  object space 699392K, 39% used [0x00000000c0000000,0x00000000d0f85b00,0x00000000eab00000)
 Metaspace       used 64610K, committed 65984K, reserved 1114112K
  class space    used 6914K, committed 7488K, reserved 1048576K
}
Event: 43.338 GC heap before
{Heap before GC invocations=529 (full 358):
 PSYoungGen      total 31232K, used 21475K [0x00000000eab00000, 0x00000000ecf80000, 0x0000000100000000)
  eden space 23552K, 82% used [0x00000000eab00000,0x00000000ebe10460,0x00000000ec200000)
  from space 7680K, 25% used [0x00000000ec200000,0x00000000ec3e8ae8,0x00000000ec980000)
  to   space 3072K, 0% used [0x00000000ecc80000,0x00000000ecc80000,0x00000000ecf80000)
 ParOldGen       total 699392K, used 278038K [0x00000000c0000000, 0x00000000eab00000, 0x00000000eab00000)
  object space 699392K, 39% used [0x00000000c0000000,0x00000000d0f85b00,0x00000000eab00000)
 Metaspace       used 64610K, committed 65984K, reserved 1114112K
  class space    used 6914K, committed 7488K, reserved 1048576K
}
Event: 43.346 GC heap after
{Heap after GC invocations=529 (full 358):
 PSYoungGen      total 27648K, used 2087K [0x00000000eab00000, 0x00000000ecf00000, 0x0000000100000000)
  eden space 25088K, 0% used [0x00000000eab00000,0x00000000eab00000,0x00000000ec380000)
  from space 2560K, 81% used [0x00000000ecc80000,0x00000000ece89d48,0x00000000ecf00000)
  to   space 2560K, 0% used [0x00000000eca00000,0x00000000eca00000,0x00000000ecc80000)
 ParOldGen       total 699392K, used 297238K [0x00000000c0000000, 0x00000000eab00000, 0x00000000eab00000)
  object space 699392K, 42% used [0x00000000c0000000,0x00000000d2245b20,0x00000000eab00000)
 Metaspace       used 64610K, committed 65984K, reserved 1114112K
  class space    used 6914K, committed 7488K, reserved 1048576K
}

